[0.009s] Invoking command in '/home/panav/ros2_ws/src/dwa_planner/build/dwa_planner': CMAKE_PREFIX_PATH=${CMAKE_PREFIX_PATH}:/home/panav/ros2_ws/install/turtlebot3_teleop:/home/panav/ros2_ws/install/turtlebot3_example:/opt/ros/humble /usr/bin/cmake --build /home/panav/ros2_ws/src/dwa_planner/build/dwa_planner
[0.049s] [35m[1mConsolidate compiler generated dependencies of target dwa_node[0m
[0.064s] [100%] Built target dwa_node
[0.072s] Invoked command in '/home/panav/ros2_ws/src/dwa_planner/build/dwa_planner' returned '0': CMAKE_PREFIX_PATH=${CMAKE_PREFIX_PATH}:/home/panav/ros2_ws/install/turtlebot3_teleop:/home/panav/ros2_ws/install/turtlebot3_example:/opt/ros/humble /usr/bin/cmake --build /home/panav/ros2_ws/src/dwa_planner/build/dwa_planner
[0.081s] Invoking command in '/home/panav/ros2_ws/src/dwa_planner/build/dwa_planner': CMAKE_PREFIX_PATH=${CMAKE_PREFIX_PATH}:/home/panav/ros2_ws/install/turtlebot3_teleop:/home/panav/ros2_ws/install/turtlebot3_example:/opt/ros/humble /usr/bin/cmake --install /home/panav/ros2_ws/src/dwa_planner/build/dwa_planner
[0.087s] -- Install configuration: ""
[0.088s] -- Execute custom install script
[0.088s] -- Up-to-date symlink: /home/panav/ros2_ws/src/dwa_planner/install/dwa_planner/lib/dwa_planner/dwa_node
[0.089s] -- Up-to-date symlink: /home/panav/ros2_ws/src/dwa_planner/install/dwa_planner/share/ament_index/resource_index/package_run_dependencies/dwa_planner
[0.089s] -- Up-to-date symlink: /home/panav/ros2_ws/src/dwa_planner/install/dwa_planner/share/ament_index/resource_index/parent_prefix_path/dwa_planner
[0.089s] -- Up-to-date symlink: /home/panav/ros2_ws/src/dwa_planner/install/dwa_planner/share/dwa_planner/environment/ament_prefix_path.sh
[0.089s] -- Up-to-date symlink: /home/panav/ros2_ws/src/dwa_planner/install/dwa_planner/share/dwa_planner/environment/ament_prefix_path.dsv
[0.089s] -- Up-to-date symlink: /home/panav/ros2_ws/src/dwa_planner/install/dwa_planner/share/dwa_planner/environment/path.sh
[0.089s] -- Up-to-date symlink: /home/panav/ros2_ws/src/dwa_planner/install/dwa_planner/share/dwa_planner/environment/path.dsv
[0.089s] -- Up-to-date symlink: /home/panav/ros2_ws/src/dwa_planner/install/dwa_planner/share/dwa_planner/local_setup.bash
[0.089s] -- Up-to-date symlink: /home/panav/ros2_ws/src/dwa_planner/install/dwa_planner/share/dwa_planner/local_setup.sh
[0.089s] -- Up-to-date symlink: /home/panav/ros2_ws/src/dwa_planner/install/dwa_planner/share/dwa_planner/local_setup.zsh
[0.090s] -- Up-to-date symlink: /home/panav/ros2_ws/src/dwa_planner/install/dwa_planner/share/dwa_planner/local_setup.dsv
[0.090s] -- Symlinking: /home/panav/ros2_ws/src/dwa_planner/install/dwa_planner/share/dwa_planner/package.dsv
[0.098s] -- Up-to-date symlink: /home/panav/ros2_ws/src/dwa_planner/install/dwa_planner/share/ament_index/resource_index/packages/dwa_planner
[0.098s] -- Up-to-date symlink: /home/panav/ros2_ws/src/dwa_planner/install/dwa_planner/share/dwa_planner/cmake/dwa_plannerConfig.cmake
[0.098s] -- Up-to-date symlink: /home/panav/ros2_ws/src/dwa_planner/install/dwa_planner/share/dwa_planner/cmake/dwa_plannerConfig-version.cmake
[0.099s] -- Up-to-date symlink: /home/panav/ros2_ws/src/dwa_planner/install/dwa_planner/share/dwa_planner/package.xml
[0.101s] Invoked command in '/home/panav/ros2_ws/src/dwa_planner/build/dwa_planner' returned '0': CMAKE_PREFIX_PATH=${CMAKE_PREFIX_PATH}:/home/panav/ros2_ws/install/turtlebot3_teleop:/home/panav/ros2_ws/install/turtlebot3_example:/opt/ros/humble /usr/bin/cmake --install /home/panav/ros2_ws/src/dwa_planner/build/dwa_planner
