[0.008s] Invoking command in '/home/panav/ros2_ws/src/dwa_planner/build/dwa_planner': CMAKE_PREFIX_PATH=${CMAKE_PREFIX_PATH}:/home/panav/ros2_ws/install/turtlebot3_teleop:/home/panav/ros2_ws/install/turtlebot3_example:/home/panav/ros2_ws/install/python_starter:/home/panav/ros2_ws/install/lidar_proximity_filter:/home/panav/ros2_ws/install/launch_testing_examples:/home/panav/ros2_ws/install/examples_rclpy_pointcloud_publisher:/home/panav/ros2_ws/install/examples_rclpy_minimal_subscriber:/home/panav/ros2_ws/install/examples_rclpy_minimal_service:/home/panav/ros2_ws/install/examples_rclpy_minimal_publisher:/home/panav/ros2_ws/install/examples_rclpy_minimal_client:/home/panav/ros2_ws/install/examples_rclpy_minimal_action_server:/home/panav/ros2_ws/install/examples_rclpy_minimal_action_client:/home/panav/ros2_ws/install/examples_rclpy_guard_conditions:/home/panav/ros2_ws/install/examples_rclpy_executors:/opt/ros/humble /usr/bin/cmake /home/panav/ros2_ws/src/dwa_planner -DAMENT_CMAKE_SYMLINK_INSTALL=1 -DCMAKE_INSTALL_PREFIX=/home/panav/ros2_ws/src/dwa_planner/install/dwa_planner
[0.053s] -- The C compiler identification is GNU 11.4.0
[0.089s] -- The CXX compiler identification is GNU 11.4.0
[0.094s] -- Detecting C compiler ABI info
[0.151s] -- Detecting C compiler ABI info - done
[0.156s] -- Check for working C compiler: /usr/bin/cc - skipped
[0.156s] -- Detecting C compile features
[0.156s] -- Detecting C compile features - done
[0.158s] -- Detecting CXX compiler ABI info
[0.236s] -- Detecting CXX compiler ABI info - done
[0.241s] -- Check for working CXX compiler: /usr/bin/c++ - skipped
[0.241s] -- Detecting CXX compile features
[0.241s] -- Detecting CXX compile features - done
[0.245s] -- Found ament_cmake: 1.3.11 (/opt/ros/humble/share/ament_cmake/cmake)
[0.381s] -- Found Python3: /usr/bin/python3 (found version "3.10.12") found components: Interpreter 
[0.437s] -- Override CMake install command with custom implementation using symlinks instead of copying resources
[0.480s] -- Found rclcpp: 16.0.12 (/opt/ros/humble/share/rclcpp/cmake)
[0.531s] -- Found rosidl_generator_c: 3.1.6 (/opt/ros/humble/share/rosidl_generator_c/cmake)
[0.538s] -- Found rosidl_adapter: 3.1.6 (/opt/ros/humble/share/rosidl_adapter/cmake)
[0.547s] -- Found rosidl_generator_cpp: 3.1.6 (/opt/ros/humble/share/rosidl_generator_cpp/cmake)
[0.559s] -- Using all available rosidl_typesupport_c: rosidl_typesupport_fastrtps_c;rosidl_typesupport_introspection_c
[0.576s] -- Using all available rosidl_typesupport_cpp: rosidl_typesupport_fastrtps_cpp;rosidl_typesupport_introspection_cpp
[0.629s] -- Found rmw_implementation_cmake: 6.1.2 (/opt/ros/humble/share/rmw_implementation_cmake/cmake)
[0.634s] -- Found rmw_fastrtps_cpp: 6.2.7 (/opt/ros/humble/share/rmw_fastrtps_cpp/cmake)
[0.737s] -- Found OpenSSL: /usr/lib/x86_64-linux-gnu/libcrypto.so (found version "3.0.2")  
[0.759s] -- Found FastRTPS: /opt/ros/humble/include  
[0.792s] -- Using RMW implementation 'rmw_fastrtps_cpp' as default
[0.804s] -- Looking for pthread.h
[0.864s] -- Looking for pthread.h - found
[0.864s] -- Performing Test CMAKE_HAVE_LIBC_PTHREAD
[0.929s] -- Performing Test CMAKE_HAVE_LIBC_PTHREAD - Success
[0.930s] -- Found Threads: TRUE  
[0.994s] -- Found nav_msgs: 4.9.0 (/opt/ros/humble/share/nav_msgs/cmake)
[1.019s] -- Found sensor_msgs: 4.9.0 (/opt/ros/humble/share/sensor_msgs/cmake)
[1.041s] -- Found tf2: 0.25.13 (/opt/ros/humble/share/tf2/cmake)
[1.053s] -- Found tf2_ros: 0.25.13 (/opt/ros/humble/share/tf2_ros/cmake)
[1.130s] -- Found tf2_geometry_msgs: 0.25.13 (/opt/ros/humble/share/tf2_geometry_msgs/cmake)
[1.148s] -- Found eigen3_cmake_module: 0.1.1 (/opt/ros/humble/share/eigen3_cmake_module/cmake)
[1.149s] -- Found Eigen3: TRUE (found version "3.4.0") 
[1.149s] -- Ensuring Eigen3 include directory is part of orocos-kdl CMake target
[1.153s] -- Found visualization_msgs: 4.9.0 (/opt/ros/humble/share/visualization_msgs/cmake)
[1.169s] -- Found nav2_util: 1.1.18 (/opt/ros/humble/share/nav2_util/cmake)
[1.241s] -- Found nav2_core: 1.1.18 (/opt/ros/humble/share/nav2_core/cmake)
[1.328s] -- Found nav2_common: 1.1.18 (/opt/ros/humble/share/nav2_common/cmake)
[1.329s] [31mCMake Error at /opt/ros/humble/share/ament_cmake_target_dependencies/cmake/ament_target_dependencies.cmake:42 (message):
[1.329s]   ament_target_dependencies() the first argument must be a valid target name
[1.329s] Call Stack (most recent call first):
[1.329s]   CMakeLists.txt:33 (ament_target_dependencies)
[1.329s] 
[1.329s] [0m
[1.329s] -- Configuring incomplete, errors occurred!
[1.329s] See also "/home/panav/ros2_ws/src/dwa_planner/build/dwa_planner/CMakeFiles/CMakeOutput.log".
[1.337s] Invoked command in '/home/panav/ros2_ws/src/dwa_planner/build/dwa_planner' returned '1': CMAKE_PREFIX_PATH=${CMAKE_PREFIX_PATH}:/home/panav/ros2_ws/install/turtlebot3_teleop:/home/panav/ros2_ws/install/turtlebot3_example:/home/panav/ros2_ws/install/python_starter:/home/panav/ros2_ws/install/lidar_proximity_filter:/home/panav/ros2_ws/install/launch_testing_examples:/home/panav/ros2_ws/install/examples_rclpy_pointcloud_publisher:/home/panav/ros2_ws/install/examples_rclpy_minimal_subscriber:/home/panav/ros2_ws/install/examples_rclpy_minimal_service:/home/panav/ros2_ws/install/examples_rclpy_minimal_publisher:/home/panav/ros2_ws/install/examples_rclpy_minimal_client:/home/panav/ros2_ws/install/examples_rclpy_minimal_action_server:/home/panav/ros2_ws/install/examples_rclpy_minimal_action_client:/home/panav/ros2_ws/install/examples_rclpy_guard_conditions:/home/panav/ros2_ws/install/examples_rclpy_executors:/opt/ros/humble /usr/bin/cmake /home/panav/ros2_ws/src/dwa_planner -DAMENT_CMAKE_SYMLINK_INSTALL=1 -DCMAKE_INSTALL_PREFIX=/home/panav/ros2_ws/src/dwa_planner/install/dwa_planner
