[0.087s] DEBUG:colcon:Command line arguments: ['/usr/bin/colcon', 'build', '--packages-select', 'dwa_planner']
[0.087s] DEBUG:colcon:Parsed command line arguments: Namespace(log_base=None, log_level=None, verb_name='build', build_base='build', install_base='install', merge_install=False, symlink_install=False, test_result_base=None, continue_on_error=False, executor='parallel', parallel_workers=12, event_handlers=None, ignore_user_meta=False, metas=['./colcon.meta'], base_paths=['.'], packages_ignore=None, packages_ignore_regex=None, paths=None, packages_up_to=None, packages_up_to_regex=None, packages_above=None, packages_above_and_dependencies=None, packages_above_depth=None, packages_select_by_dep=None, packages_skip_by_dep=None, packages_skip_up_to=None, packages_select_build_failed=False, packages_skip_build_finished=False, packages_select_test_failures=False, packages_skip_test_passed=False, packages_select=['dwa_planner'], packages_skip=None, packages_select_regex=None, packages_skip_regex=None, packages_start=None, packages_end=None, allow_overriding=[], cmake_args=None, cmake_target=None, cmake_target_skip_unavailable=False, cmake_clean_cache=False, cmake_clean_first=False, cmake_force_configure=False, ament_cmake_args=None, catkin_cmake_args=None, catkin_skip_building_tests=False, mixin_files=None, mixin=None, verb_parser=<colcon_mixin.mixin.mixin_argument.MixinArgumentDecorator object at 0x75c5158c8250>, verb_extension=<colcon_core.verb.build.BuildVerb object at 0x75c5158a3ca0>, main=<bound method BuildVerb.main of <colcon_core.verb.build.BuildVerb object at 0x75c5158a3ca0>>, mixin_verb=('build',))
[0.200s] Level 1:colcon.colcon_core.package_discovery:discover_packages(colcon_meta) check parameters
[0.200s] Level 1:colcon.colcon_core.package_discovery:discover_packages(recursive) check parameters
[0.200s] Level 1:colcon.colcon_core.package_discovery:discover_packages(ignore) check parameters
[0.200s] Level 1:colcon.colcon_core.package_discovery:discover_packages(path) check parameters
[0.200s] Level 1:colcon.colcon_core.package_discovery:discover_packages(colcon_meta) discover
[0.200s] Level 1:colcon.colcon_core.package_discovery:discover_packages(recursive) discover
[0.200s] INFO:colcon.colcon_core.package_discovery:Crawling recursively for packages in '/home/panav/ros2_ws/src/dwa_planner'
[0.200s] Level 1:colcon.colcon_core.package_identification:_identify(.) by extensions ['ignore', 'ignore_ament_install']
[0.207s] Level 1:colcon.colcon_core.package_identification:_identify(.) by extension 'ignore'
[0.207s] Level 1:colcon.colcon_core.package_identification:_identify(.) by extension 'ignore_ament_install'
[0.207s] Level 1:colcon.colcon_core.package_identification:_identify(.) by extensions ['colcon_pkg']
[0.207s] Level 1:colcon.colcon_core.package_identification:_identify(.) by extension 'colcon_pkg'
[0.207s] Level 1:colcon.colcon_core.package_identification:_identify(.) by extensions ['colcon_meta']
[0.207s] Level 1:colcon.colcon_core.package_identification:_identify(.) by extension 'colcon_meta'
[0.207s] Level 1:colcon.colcon_core.package_identification:_identify(.) by extensions ['ros']
[0.207s] Level 1:colcon.colcon_core.package_identification:_identify(.) by extension 'ros'
[0.216s] DEBUG:colcon.colcon_core.package_identification:Package '.' with type 'ros.ament_cmake' and name 'dwa_planner'
[0.216s] Level 1:colcon.colcon_core.package_discovery:discover_packages(recursive) using defaults
[0.216s] Level 1:colcon.colcon_core.package_discovery:discover_packages(ignore) discover
[0.216s] Level 1:colcon.colcon_core.package_discovery:discover_packages(ignore) using defaults
[0.216s] Level 1:colcon.colcon_core.package_discovery:discover_packages(path) discover
[0.216s] Level 1:colcon.colcon_core.package_discovery:discover_packages(path) using defaults
[0.228s] Level 1:colcon.colcon_core.package_discovery:discover_packages(prefix_path) check parameters
[0.228s] Level 1:colcon.colcon_core.package_discovery:discover_packages(prefix_path) discover
[0.229s] DEBUG:colcon.colcon_installed_package_information.package_discovery:Found 18 installed packages in /home/panav/ros2_ws/install
[0.230s] DEBUG:colcon.colcon_installed_package_information.package_discovery:Found 1 installed packages in /home/panav/ros2_ws/src/dwa_planner/install
[0.231s] DEBUG:colcon.colcon_installed_package_information.package_discovery:Found 400 installed packages in /opt/ros/humble
[0.232s] Level 1:colcon.colcon_core.package_discovery:discover_packages(prefix_path) using defaults
[0.259s] Level 5:colcon.colcon_core.verb:set package 'dwa_planner' build argument 'cmake_args' from command line to 'None'
[0.259s] Level 5:colcon.colcon_core.verb:set package 'dwa_planner' build argument 'cmake_target' from command line to 'None'
[0.259s] Level 5:colcon.colcon_core.verb:set package 'dwa_planner' build argument 'cmake_target_skip_unavailable' from command line to 'False'
[0.259s] Level 5:colcon.colcon_core.verb:set package 'dwa_planner' build argument 'cmake_clean_cache' from command line to 'False'
[0.259s] Level 5:colcon.colcon_core.verb:set package 'dwa_planner' build argument 'cmake_clean_first' from command line to 'False'
[0.259s] Level 5:colcon.colcon_core.verb:set package 'dwa_planner' build argument 'cmake_force_configure' from command line to 'False'
[0.259s] Level 5:colcon.colcon_core.verb:set package 'dwa_planner' build argument 'ament_cmake_args' from command line to 'None'
[0.259s] Level 5:colcon.colcon_core.verb:set package 'dwa_planner' build argument 'catkin_cmake_args' from command line to 'None'
[0.259s] Level 5:colcon.colcon_core.verb:set package 'dwa_planner' build argument 'catkin_skip_building_tests' from command line to 'False'
[0.259s] DEBUG:colcon.colcon_core.verb:Building package 'dwa_planner' with the following arguments: {'ament_cmake_args': None, 'build_base': '/home/panav/ros2_ws/src/dwa_planner/build/dwa_planner', 'catkin_cmake_args': None, 'catkin_skip_building_tests': False, 'cmake_args': None, 'cmake_clean_cache': False, 'cmake_clean_first': False, 'cmake_force_configure': False, 'cmake_target': None, 'cmake_target_skip_unavailable': False, 'install_base': '/home/panav/ros2_ws/src/dwa_planner/install/dwa_planner', 'merge_install': False, 'path': '/home/panav/ros2_ws/src/dwa_planner', 'symlink_install': False, 'test_result_base': None}
[0.259s] INFO:colcon.colcon_core.executor:Executing jobs using 'parallel' executor
[0.260s] DEBUG:colcon.colcon_parallel_executor.executor.parallel:run_until_complete
[0.260s] INFO:colcon.colcon_ros.task.ament_cmake.build:Building ROS package in '/home/panav/ros2_ws/src/dwa_planner' with build type 'ament_cmake'
[0.260s] INFO:colcon.colcon_cmake.task.cmake.build:Building CMake package in '/home/panav/ros2_ws/src/dwa_planner'
[0.262s] INFO:colcon.colcon_core.plugin_system:Skipping extension 'colcon_core.shell.bat': Not used on non-Windows systems
[0.262s] INFO:colcon.colcon_core.shell:Skip shell extension 'powershell' for command environment: Not usable outside of PowerShell
[0.263s] DEBUG:colcon.colcon_core.shell:Skip shell extension 'dsv' for command environment
[0.277s] DEBUG:colcon.colcon_core.event_handler.log_command:Invoking command in '/home/panav/ros2_ws/src/dwa_planner/build/dwa_planner': CMAKE_PREFIX_PATH=${CMAKE_PREFIX_PATH}:/home/panav/ros2_ws/install/turtlebot3_teleop:/home/panav/ros2_ws/install/turtlebot3_example:/opt/ros/humble /usr/bin/cmake /home/panav/ros2_ws/src/dwa_planner -DCMAKE_INSTALL_PREFIX=/home/panav/ros2_ws/src/dwa_planner/install/dwa_planner
[0.948s] DEBUG:colcon.colcon_core.event_handler.log_command:Invoked command in '/home/panav/ros2_ws/src/dwa_planner/build/dwa_planner' returned '0': CMAKE_PREFIX_PATH=${CMAKE_PREFIX_PATH}:/home/panav/ros2_ws/install/turtlebot3_teleop:/home/panav/ros2_ws/install/turtlebot3_example:/opt/ros/humble /usr/bin/cmake /home/panav/ros2_ws/src/dwa_planner -DCMAKE_INSTALL_PREFIX=/home/panav/ros2_ws/src/dwa_planner/install/dwa_planner
[0.949s] DEBUG:colcon.colcon_core.event_handler.log_command:Invoking command in '/home/panav/ros2_ws/src/dwa_planner/build/dwa_planner': CMAKE_PREFIX_PATH=${CMAKE_PREFIX_PATH}:/home/panav/ros2_ws/install/turtlebot3_teleop:/home/panav/ros2_ws/install/turtlebot3_example:/opt/ros/humble /usr/bin/cmake --build /home/panav/ros2_ws/src/dwa_planner/build/dwa_planner
[4.675s] DEBUG:colcon.colcon_core.event_handler.log_command:Invoked command in '/home/panav/ros2_ws/src/dwa_planner/build/dwa_planner' returned '2': CMAKE_PREFIX_PATH=${CMAKE_PREFIX_PATH}:/home/panav/ros2_ws/install/turtlebot3_teleop:/home/panav/ros2_ws/install/turtlebot3_example:/opt/ros/humble /usr/bin/cmake --build /home/panav/ros2_ws/src/dwa_planner/build/dwa_planner
[4.676s] Level 1:colcon.colcon_core.environment:create_environment_scripts_only(dwa_planner)
[4.677s] Level 1:colcon.colcon_core.environment:checking '/home/panav/ros2_ws/src/dwa_planner/install/dwa_planner' for CMake module files
[4.677s] Level 1:colcon.colcon_core.environment:checking '/home/panav/ros2_ws/src/dwa_planner/install/dwa_planner' for CMake config files
[4.678s] Level 1:colcon.colcon_core.shell:create_environment_hook('dwa_planner', 'cmake_prefix_path')
[4.678s] INFO:colcon.colcon_core.shell:Creating environment hook '/home/panav/ros2_ws/src/dwa_planner/install/dwa_planner/share/dwa_planner/hook/cmake_prefix_path.ps1'
[4.678s] INFO:colcon.colcon_core.shell:Creating environment descriptor '/home/panav/ros2_ws/src/dwa_planner/install/dwa_planner/share/dwa_planner/hook/cmake_prefix_path.dsv'
[4.679s] INFO:colcon.colcon_core.shell:Creating environment hook '/home/panav/ros2_ws/src/dwa_planner/install/dwa_planner/share/dwa_planner/hook/cmake_prefix_path.sh'
[4.680s] Level 1:colcon.colcon_core.environment:checking '/home/panav/ros2_ws/src/dwa_planner/install/dwa_planner/lib'
[4.680s] Level 1:colcon.colcon_core.environment:checking '/home/panav/ros2_ws/src/dwa_planner/install/dwa_planner/bin'
[4.680s] Level 1:colcon.colcon_core.environment:checking '/home/panav/ros2_ws/src/dwa_planner/install/dwa_planner/lib/pkgconfig/dwa_planner.pc'
[4.680s] Level 1:colcon.colcon_core.environment:checking '/home/panav/ros2_ws/src/dwa_planner/install/dwa_planner/lib/python3.10/site-packages'
[4.680s] Level 1:colcon.colcon_core.environment:checking '/home/panav/ros2_ws/src/dwa_planner/install/dwa_planner/bin'
[4.681s] INFO:colcon.colcon_core.shell:Creating package script '/home/panav/ros2_ws/src/dwa_planner/install/dwa_planner/share/dwa_planner/package.ps1'
[4.681s] INFO:colcon.colcon_core.shell:Creating package descriptor '/home/panav/ros2_ws/src/dwa_planner/install/dwa_planner/share/dwa_planner/package.dsv'
[4.682s] INFO:colcon.colcon_core.shell:Creating package script '/home/panav/ros2_ws/src/dwa_planner/install/dwa_planner/share/dwa_planner/package.sh'
[4.682s] INFO:colcon.colcon_core.shell:Creating package script '/home/panav/ros2_ws/src/dwa_planner/install/dwa_planner/share/dwa_planner/package.bash'
[4.683s] INFO:colcon.colcon_core.shell:Creating package script '/home/panav/ros2_ws/src/dwa_planner/install/dwa_planner/share/dwa_planner/package.zsh'
[4.683s] Level 1:colcon.colcon_core.environment:create_file_with_runtime_dependencies(/home/panav/ros2_ws/src/dwa_planner/install/dwa_planner/share/colcon-core/packages/dwa_planner)
[4.693s] DEBUG:colcon.colcon_parallel_executor.executor.parallel:closing loop
[4.694s] DEBUG:colcon.colcon_parallel_executor.executor.parallel:loop closed
[4.694s] DEBUG:colcon.colcon_parallel_executor.executor.parallel:run_until_complete finished with '2'
[4.694s] DEBUG:colcon.colcon_core.event_reactor:joining thread
[4.698s] INFO:colcon.colcon_core.plugin_system:Skipping extension 'colcon_notification.desktop_notification.terminal_notifier': Not used on non-Darwin systems
[4.698s] INFO:colcon.colcon_core.plugin_system:Skipping extension 'colcon_notification.desktop_notification.win32': Not used on non-Windows systems
[4.698s] INFO:colcon.colcon_notification.desktop_notification:Sending desktop notification using 'notify2'
[4.706s] DEBUG:colcon.colcon_core.event_reactor:joined thread
[4.706s] INFO:colcon.colcon_core.shell:Creating prefix script '/home/panav/ros2_ws/src/dwa_planner/install/local_setup.ps1'
[4.707s] INFO:colcon.colcon_core.shell:Creating prefix util module '/home/panav/ros2_ws/src/dwa_planner/install/_local_setup_util_ps1.py'
[4.708s] INFO:colcon.colcon_core.shell:Creating prefix chain script '/home/panav/ros2_ws/src/dwa_planner/install/setup.ps1'
[4.710s] INFO:colcon.colcon_core.shell:Creating prefix script '/home/panav/ros2_ws/src/dwa_planner/install/local_setup.sh'
[4.711s] INFO:colcon.colcon_core.shell:Creating prefix util module '/home/panav/ros2_ws/src/dwa_planner/install/_local_setup_util_sh.py'
[4.711s] INFO:colcon.colcon_core.shell:Creating prefix chain script '/home/panav/ros2_ws/src/dwa_planner/install/setup.sh'
[4.713s] INFO:colcon.colcon_core.shell:Creating prefix script '/home/panav/ros2_ws/src/dwa_planner/install/local_setup.bash'
[4.714s] INFO:colcon.colcon_core.shell:Creating prefix chain script '/home/panav/ros2_ws/src/dwa_planner/install/setup.bash'
[4.715s] INFO:colcon.colcon_core.shell:Creating prefix script '/home/panav/ros2_ws/src/dwa_planner/install/local_setup.zsh'
[4.715s] INFO:colcon.colcon_core.shell:Creating prefix chain script '/home/panav/ros2_ws/src/dwa_planner/install/setup.zsh'
