[0.010s] Invoking command in '/home/panav/ros2_ws/src/dwa_planner/build/dwa_planner': CMAKE_PREFIX_PATH=${CMAKE_PREFIX_PATH}:/home/panav/ros2_ws/install/turtlebot3_teleop:/home/panav/ros2_ws/install/turtlebot3_example:/opt/ros/humble /usr/bin/cmake --build /home/panav/ros2_ws/src/dwa_planner/build/dwa_planner
[0.079s] [ 50%] [32mBuilding CXX object CMakeFiles/dwa_node.dir/src/dwa_node.cpp.o[0m
[1.970s] [01m[K/home/panav/ros2_ws/src/dwa_planner/src/dwa_node.cpp:[m[K In member function ‘[01m[Kvoid DWA_node::visualize_trajectories(const std::vector<std::vector<std::pair<double, double> > >&, int)[m[K’:
[1.971s] [01m[K/home/panav/ros2_ws/src/dwa_planner/src/dwa_node.cpp:165:26:[m[K [01;35m[Kwarning: [m[Kcomparison of integer expressions of different signedness: ‘[01m[Kint[m[K’ and ‘[01m[Kstd::vector<std::vector<std::pair<double, double> > >::size_type[m[K’ {aka ‘[01m[Klong unsigned int[m[K’} [[01;35m[K]8;;https://gcc.gnu.org/onlinedocs/gcc/Warning-Options.html#index-Wsign-compare-Wsign-compare]8;;[m[K]
[1.971s]   165 |    for(int i = 0; [01;35m[Ki < all_trajectories.size()[m[K; i++)
[1.971s]       |                   [01;35m[K~~^~~~~~~~~~~~~~~~~~~~~~~~~[m[K
[1.971s] 
[8.838s] [100%] [32m[1mLinking CXX executable dwa_node[0m
[9.419s] [100%] Built target dwa_node
[9.432s] Invoked command in '/home/panav/ros2_ws/src/dwa_planner/build/dwa_planner' returned '0': CMAKE_PREFIX_PATH=${CMAKE_PREFIX_PATH}:/home/panav/ros2_ws/install/turtlebot3_teleop:/home/panav/ros2_ws/install/turtlebot3_example:/opt/ros/humble /usr/bin/cmake --build /home/panav/ros2_ws/src/dwa_planner/build/dwa_planner
[9.448s] Invoking command in '/home/panav/ros2_ws/src/dwa_planner/build/dwa_planner': CMAKE_PREFIX_PATH=${CMAKE_PREFIX_PATH}:/home/panav/ros2_ws/install/turtlebot3_teleop:/home/panav/ros2_ws/install/turtlebot3_example:/opt/ros/humble /usr/bin/cmake --install /home/panav/ros2_ws/src/dwa_planner/build/dwa_planner
[9.460s] -- Install configuration: ""
[9.460s] -- Execute custom install script
[9.461s] -- Up-to-date symlink: /home/panav/ros2_ws/src/dwa_planner/install/dwa_planner/lib/dwa_planner/dwa_node
[9.461s] -- Up-to-date symlink: /home/panav/ros2_ws/src/dwa_planner/install/dwa_planner/share/ament_index/resource_index/package_run_dependencies/dwa_planner
[9.461s] -- Up-to-date symlink: /home/panav/ros2_ws/src/dwa_planner/install/dwa_planner/share/ament_index/resource_index/parent_prefix_path/dwa_planner
[9.461s] -- Up-to-date symlink: /home/panav/ros2_ws/src/dwa_planner/install/dwa_planner/share/dwa_planner/environment/ament_prefix_path.sh
[9.461s] -- Up-to-date symlink: /home/panav/ros2_ws/src/dwa_planner/install/dwa_planner/share/dwa_planner/environment/ament_prefix_path.dsv
[9.461s] -- Up-to-date symlink: /home/panav/ros2_ws/src/dwa_planner/install/dwa_planner/share/dwa_planner/environment/path.sh
[9.461s] -- Up-to-date symlink: /home/panav/ros2_ws/src/dwa_planner/install/dwa_planner/share/dwa_planner/environment/path.dsv
[9.462s] -- Up-to-date symlink: /home/panav/ros2_ws/src/dwa_planner/install/dwa_planner/share/dwa_planner/local_setup.bash
[9.462s] -- Up-to-date symlink: /home/panav/ros2_ws/src/dwa_planner/install/dwa_planner/share/dwa_planner/local_setup.sh
[9.462s] -- Up-to-date symlink: /home/panav/ros2_ws/src/dwa_planner/install/dwa_planner/share/dwa_planner/local_setup.zsh
[9.463s] -- Up-to-date symlink: /home/panav/ros2_ws/src/dwa_planner/install/dwa_planner/share/dwa_planner/local_setup.dsv
[9.463s] -- Symlinking: /home/panav/ros2_ws/src/dwa_planner/install/dwa_planner/share/dwa_planner/package.dsv
[9.473s] -- Up-to-date symlink: /home/panav/ros2_ws/src/dwa_planner/install/dwa_planner/share/ament_index/resource_index/packages/dwa_planner
[9.473s] -- Up-to-date symlink: /home/panav/ros2_ws/src/dwa_planner/install/dwa_planner/share/dwa_planner/cmake/dwa_plannerConfig.cmake
[9.473s] -- Up-to-date symlink: /home/panav/ros2_ws/src/dwa_planner/install/dwa_planner/share/dwa_planner/cmake/dwa_plannerConfig-version.cmake
[9.473s] -- Up-to-date symlink: /home/panav/ros2_ws/src/dwa_planner/install/dwa_planner/share/dwa_planner/package.xml
[9.476s] Invoked command in '/home/panav/ros2_ws/src/dwa_planner/build/dwa_planner' returned '0': CMAKE_PREFIX_PATH=${CMAKE_PREFIX_PATH}:/home/panav/ros2_ws/install/turtlebot3_teleop:/home/panav/ros2_ws/install/turtlebot3_example:/opt/ros/humble /usr/bin/cmake --install /home/panav/ros2_ws/src/dwa_planner/build/dwa_planner
