[0.012s] Invoking command in '/home/panav/ros2_ws/src/dwa_planner/build/dwa_planner': CMAKE_PREFIX_PATH=/opt/ros/humble /usr/bin/cmake /home/panav/ros2_ws/src/dwa_planner -DAMENT_CMAKE_SYMLINK_INSTALL=1 -DCMAKE_INSTALL_PREFIX=/home/panav/ros2_ws/src/dwa_planner/install/dwa_planner
[0.021s] -- Found ament_cmake: 1.3.11 (/opt/ros/humble/share/ament_cmake/cmake)
[0.108s] -- Override CMake install command with custom implementation using symlinks instead of copying resources
[0.112s] -- Found rclcpp: 16.0.12 (/opt/ros/humble/share/rclcpp/cmake)
[0.132s] -- Found rosidl_generator_c: 3.1.6 (/opt/ros/humble/share/rosidl_generator_c/cmake)
[0.133s] -- Found rosidl_adapter: 3.1.6 (/opt/ros/humble/share/rosidl_adapter/cmake)
[0.137s] -- Found rosidl_generator_cpp: 3.1.6 (/opt/ros/humble/share/rosidl_generator_cpp/cmake)
[0.142s] -- Using all available rosidl_typesupport_c: rosidl_typesupport_fastrtps_c;rosidl_typesupport_introspection_c
[0.149s] -- Using all available rosidl_typesupport_cpp: rosidl_typesupport_fastrtps_cpp;rosidl_typesupport_introspection_cpp
[0.168s] -- Found rmw_implementation_cmake: 6.1.2 (/opt/ros/humble/share/rmw_implementation_cmake/cmake)
[0.169s] -- Found rmw_fastrtps_cpp: 6.2.7 (/opt/ros/humble/share/rmw_fastrtps_cpp/cmake)
[0.238s] -- Using RMW implementation 'rmw_fastrtps_cpp' as default
[0.267s] -- Found nav_msgs: 4.9.0 (/opt/ros/humble/share/nav_msgs/cmake)
[0.283s] -- Found sensor_msgs: 4.9.0 (/opt/ros/humble/share/sensor_msgs/cmake)
[0.292s] -- Found tf2: 0.25.13 (/opt/ros/humble/share/tf2/cmake)
[0.296s] -- Found tf2_ros: 0.25.13 (/opt/ros/humble/share/tf2_ros/cmake)
[0.351s] -- Found tf2_geometry_msgs: 0.25.13 (/opt/ros/humble/share/tf2_geometry_msgs/cmake)
[0.352s] -- Found eigen3_cmake_module: 0.1.1 (/opt/ros/humble/share/eigen3_cmake_module/cmake)
[0.353s] -- Ensuring Eigen3 include directory is part of orocos-kdl CMake target
[0.354s] -- Found visualization_msgs: 4.9.0 (/opt/ros/humble/share/visualization_msgs/cmake)
[0.366s] -- Found nav2_util: 1.1.18 (/opt/ros/humble/share/nav2_util/cmake)
[0.408s] -- Found nav2_core: 1.1.18 (/opt/ros/humble/share/nav2_core/cmake)
[0.469s] -- Found nav2_common: 1.1.18 (/opt/ros/humble/share/nav2_common/cmake)
[0.471s] -- Found ament_lint_auto: 0.12.12 (/opt/ros/humble/share/ament_lint_auto/cmake)
[0.541s] -- Added test 'cppcheck' to perform static code analysis on C / C++ code
[0.542s] -- Configured cppcheck include dirs: 
[0.542s] -- Configured cppcheck exclude dirs and/or files: 
[0.544s] -- Added test 'flake8' to check Python code syntax and style conventions
[0.548s] -- Added test 'lint_cmake' to check CMake code style
[0.550s] -- Added test 'pep257' to check Python code against some of the docstring style conventions in PEP 257
[0.566s] -- Added test 'uncrustify' to check C / C++ code style
[0.566s] -- Configured uncrustify additional arguments: 
[0.569s] -- Added test 'xmllint' to check XML markup files
[0.569s] -- Configuring done
[0.577s] -- Generating done
[0.580s] -- Build files have been written to: /home/panav/ros2_ws/src/dwa_planner/build/dwa_planner
[0.587s] Invoked command in '/home/panav/ros2_ws/src/dwa_planner/build/dwa_planner' returned '0': CMAKE_PREFIX_PATH=/opt/ros/humble /usr/bin/cmake /home/panav/ros2_ws/src/dwa_planner -DAMENT_CMAKE_SYMLINK_INSTALL=1 -DCMAKE_INSTALL_PREFIX=/home/panav/ros2_ws/src/dwa_planner/install/dwa_planner
[0.589s] Invoking command in '/home/panav/ros2_ws/src/dwa_planner/build/dwa_planner': CMAKE_PREFIX_PATH=/opt/ros/humble /usr/bin/cmake --build /home/panav/ros2_ws/src/dwa_planner/build/dwa_planner
[0.623s] [35m[1mConsolidate compiler generated dependencies of target dwa_node[0m
[0.639s] [ 50%] [32mBuilding CXX object CMakeFiles/dwa_node.dir/src/dwa_node.cpp.o[0m
[7.963s] [100%] [32m[1mLinking CXX executable dwa_node[0m
[8.382s] [100%] Built target dwa_node
[8.392s] Invoked command in '/home/panav/ros2_ws/src/dwa_planner/build/dwa_planner' returned '0': CMAKE_PREFIX_PATH=/opt/ros/humble /usr/bin/cmake --build /home/panav/ros2_ws/src/dwa_planner/build/dwa_planner
[8.399s] Invoking command in '/home/panav/ros2_ws/src/dwa_planner/build/dwa_planner': CMAKE_PREFIX_PATH=/opt/ros/humble /usr/bin/cmake --install /home/panav/ros2_ws/src/dwa_planner/build/dwa_planner
[8.405s] -- Install configuration: ""
[8.405s] -- Execute custom install script
[8.405s] -- Up-to-date symlink: /home/panav/ros2_ws/src/dwa_planner/install/dwa_planner/lib/dwa_planner/dwa_node
[8.405s] -- Up-to-date symlink: /home/panav/ros2_ws/src/dwa_planner/install/dwa_planner/share/ament_index/resource_index/package_run_dependencies/dwa_planner
[8.405s] -- Up-to-date symlink: /home/panav/ros2_ws/src/dwa_planner/install/dwa_planner/share/ament_index/resource_index/parent_prefix_path/dwa_planner
[8.405s] -- Up-to-date symlink: /home/panav/ros2_ws/src/dwa_planner/install/dwa_planner/share/dwa_planner/environment/ament_prefix_path.sh
[8.406s] -- Up-to-date symlink: /home/panav/ros2_ws/src/dwa_planner/install/dwa_planner/share/dwa_planner/environment/ament_prefix_path.dsv
[8.406s] -- Up-to-date symlink: /home/panav/ros2_ws/src/dwa_planner/install/dwa_planner/share/dwa_planner/environment/path.sh
[8.406s] -- Up-to-date symlink: /home/panav/ros2_ws/src/dwa_planner/install/dwa_planner/share/dwa_planner/environment/path.dsv
[8.406s] -- Up-to-date symlink: /home/panav/ros2_ws/src/dwa_planner/install/dwa_planner/share/dwa_planner/local_setup.bash
[8.406s] -- Up-to-date symlink: /home/panav/ros2_ws/src/dwa_planner/install/dwa_planner/share/dwa_planner/local_setup.sh
[8.406s] -- Up-to-date symlink: /home/panav/ros2_ws/src/dwa_planner/install/dwa_planner/share/dwa_planner/local_setup.zsh
[8.406s] -- Up-to-date symlink: /home/panav/ros2_ws/src/dwa_planner/install/dwa_planner/share/dwa_planner/local_setup.dsv
[8.406s] -- Symlinking: /home/panav/ros2_ws/src/dwa_planner/install/dwa_planner/share/dwa_planner/package.dsv
[8.412s] -- Up-to-date symlink: /home/panav/ros2_ws/src/dwa_planner/install/dwa_planner/share/ament_index/resource_index/packages/dwa_planner
[8.412s] -- Up-to-date symlink: /home/panav/ros2_ws/src/dwa_planner/install/dwa_planner/share/dwa_planner/cmake/dwa_plannerConfig.cmake
[8.412s] -- Up-to-date symlink: /home/panav/ros2_ws/src/dwa_planner/install/dwa_planner/share/dwa_planner/cmake/dwa_plannerConfig-version.cmake
[8.412s] -- Up-to-date symlink: /home/panav/ros2_ws/src/dwa_planner/install/dwa_planner/share/dwa_planner/package.xml
[8.414s] Invoked command in '/home/panav/ros2_ws/src/dwa_planner/build/dwa_planner' returned '0': CMAKE_PREFIX_PATH=/opt/ros/humble /usr/bin/cmake --install /home/panav/ros2_ws/src/dwa_planner/build/dwa_planner
