[0.118s] DEBUG:colcon:Command line arguments: ['/usr/bin/colcon', 'build', '--packages-select', 'dwa_planner']
[0.118s] DEBUG:colcon:Parsed command line arguments: Namespace(log_base=None, log_level=None, verb_name='build', build_base='build', install_base='install', merge_install=False, symlink_install=False, test_result_base=None, continue_on_error=False, executor='parallel', parallel_workers=12, event_handlers=None, ignore_user_meta=False, metas=['./colcon.meta'], base_paths=['.'], packages_ignore=None, packages_ignore_regex=None, paths=None, packages_up_to=None, packages_up_to_regex=None, packages_above=None, packages_above_and_dependencies=None, packages_above_depth=None, packages_select_by_dep=None, packages_skip_by_dep=None, packages_skip_up_to=None, packages_select_build_failed=False, packages_skip_build_finished=False, packages_select_test_failures=False, packages_skip_test_passed=False, packages_select=['dwa_planner'], packages_skip=None, packages_select_regex=None, packages_skip_regex=None, packages_start=None, packages_end=None, allow_overriding=[], cmake_args=None, cmake_target=None, cmake_target_skip_unavailable=False, cmake_clean_cache=False, cmake_clean_first=False, cmake_force_configure=False, ament_cmake_args=None, catkin_cmake_args=None, catkin_skip_building_tests=False, mixin_files=None, mixin=None, verb_parser=<colcon_mixin.mixin.mixin_argument.MixinArgumentDecorator object at 0x70a7142bc280>, verb_extension=<colcon_core.verb.build.BuildVerb object at 0x70a71429bcd0>, main=<bound method BuildVerb.main of <colcon_core.verb.build.BuildVerb object at 0x70a71429bcd0>>, mixin_verb=('build',))
[0.256s] Level 1:colcon.colcon_core.package_discovery:discover_packages(colcon_meta) check parameters
[0.256s] Level 1:colcon.colcon_core.package_discovery:discover_packages(recursive) check parameters
[0.256s] Level 1:colcon.colcon_core.package_discovery:discover_packages(ignore) check parameters
[0.256s] Level 1:colcon.colcon_core.package_discovery:discover_packages(path) check parameters
[0.256s] Level 1:colcon.colcon_core.package_discovery:discover_packages(colcon_meta) discover
[0.256s] Level 1:colcon.colcon_core.package_discovery:discover_packages(recursive) discover
[0.256s] INFO:colcon.colcon_core.package_discovery:Crawling recursively for packages in '/home/panav/ros2_ws/src/dwa_planner'
[0.256s] Level 1:colcon.colcon_core.package_identification:_identify(.) by extensions ['ignore', 'ignore_ament_install']
[0.270s] Level 1:colcon.colcon_core.package_identification:_identify(.) by extension 'ignore'
[0.270s] Level 1:colcon.colcon_core.package_identification:_identify(.) by extension 'ignore_ament_install'
[0.270s] Level 1:colcon.colcon_core.package_identification:_identify(.) by extensions ['colcon_pkg']
[0.270s] Level 1:colcon.colcon_core.package_identification:_identify(.) by extension 'colcon_pkg'
[0.270s] Level 1:colcon.colcon_core.package_identification:_identify(.) by extensions ['colcon_meta']
[0.270s] Level 1:colcon.colcon_core.package_identification:_identify(.) by extension 'colcon_meta'
[0.270s] Level 1:colcon.colcon_core.package_identification:_identify(.) by extensions ['ros']
[0.270s] Level 1:colcon.colcon_core.package_identification:_identify(.) by extension 'ros'
[0.281s] DEBUG:colcon.colcon_core.package_identification:Package '.' with type 'ros.ament_cmake' and name 'dwa_planner'
[0.281s] Level 1:colcon.colcon_core.package_discovery:discover_packages(recursive) using defaults
[0.281s] Level 1:colcon.colcon_core.package_discovery:discover_packages(ignore) discover
[0.281s] Level 1:colcon.colcon_core.package_discovery:discover_packages(ignore) using defaults
[0.281s] Level 1:colcon.colcon_core.package_discovery:discover_packages(path) discover
[0.281s] Level 1:colcon.colcon_core.package_discovery:discover_packages(path) using defaults
[0.296s] Level 1:colcon.colcon_core.package_discovery:discover_packages(prefix_path) check parameters
[0.296s] Level 1:colcon.colcon_core.package_discovery:discover_packages(prefix_path) discover
[0.298s] DEBUG:colcon.colcon_installed_package_information.package_discovery:Found 1 installed packages in /home/panav/ros2_ws/src/dwa_planner/install
[0.298s] DEBUG:colcon.colcon_installed_package_information.package_discovery:Found 18 installed packages in /home/panav/ros2_ws/install
[0.300s] DEBUG:colcon.colcon_installed_package_information.package_discovery:Found 400 installed packages in /opt/ros/humble
[0.301s] Level 1:colcon.colcon_core.package_discovery:discover_packages(prefix_path) using defaults
[0.337s] Level 5:colcon.colcon_core.verb:set package 'dwa_planner' build argument 'cmake_args' from command line to 'None'
[0.337s] Level 5:colcon.colcon_core.verb:set package 'dwa_planner' build argument 'cmake_target' from command line to 'None'
[0.337s] Level 5:colcon.colcon_core.verb:set package 'dwa_planner' build argument 'cmake_target_skip_unavailable' from command line to 'False'
[0.337s] Level 5:colcon.colcon_core.verb:set package 'dwa_planner' build argument 'cmake_clean_cache' from command line to 'False'
[0.337s] Level 5:colcon.colcon_core.verb:set package 'dwa_planner' build argument 'cmake_clean_first' from command line to 'False'
[0.337s] Level 5:colcon.colcon_core.verb:set package 'dwa_planner' build argument 'cmake_force_configure' from command line to 'False'
[0.337s] Level 5:colcon.colcon_core.verb:set package 'dwa_planner' build argument 'ament_cmake_args' from command line to 'None'
[0.338s] Level 5:colcon.colcon_core.verb:set package 'dwa_planner' build argument 'catkin_cmake_args' from command line to 'None'
[0.338s] Level 5:colcon.colcon_core.verb:set package 'dwa_planner' build argument 'catkin_skip_building_tests' from command line to 'False'
[0.338s] DEBUG:colcon.colcon_core.verb:Building package 'dwa_planner' with the following arguments: {'ament_cmake_args': None, 'build_base': '/home/panav/ros2_ws/src/dwa_planner/build/dwa_planner', 'catkin_cmake_args': None, 'catkin_skip_building_tests': False, 'cmake_args': None, 'cmake_clean_cache': False, 'cmake_clean_first': False, 'cmake_force_configure': False, 'cmake_target': None, 'cmake_target_skip_unavailable': False, 'install_base': '/home/panav/ros2_ws/src/dwa_planner/install/dwa_planner', 'merge_install': False, 'path': '/home/panav/ros2_ws/src/dwa_planner', 'symlink_install': False, 'test_result_base': None}
[0.338s] INFO:colcon.colcon_core.executor:Executing jobs using 'parallel' executor
[0.338s] DEBUG:colcon.colcon_parallel_executor.executor.parallel:run_until_complete
[0.339s] INFO:colcon.colcon_ros.task.ament_cmake.build:Building ROS package in '/home/panav/ros2_ws/src/dwa_planner' with build type 'ament_cmake'
[0.339s] INFO:colcon.colcon_cmake.task.cmake.build:Building CMake package in '/home/panav/ros2_ws/src/dwa_planner'
[0.341s] INFO:colcon.colcon_core.plugin_system:Skipping extension 'colcon_core.shell.bat': Not used on non-Windows systems
[0.341s] INFO:colcon.colcon_core.shell:Skip shell extension 'powershell' for command environment: Not usable outside of PowerShell
[0.341s] DEBUG:colcon.colcon_core.shell:Skip shell extension 'dsv' for command environment
[0.351s] DEBUG:colcon.colcon_core.event_handler.log_command:Invoking command in '/home/panav/ros2_ws/src/dwa_planner/build/dwa_planner': CMAKE_PREFIX_PATH=${CMAKE_PREFIX_PATH}:/home/panav/ros2_ws/install/turtlebot3_teleop:/home/panav/ros2_ws/install/turtlebot3_example:/opt/ros/humble /usr/bin/cmake --build /home/panav/ros2_ws/src/dwa_planner/build/dwa_planner
[11.234s] DEBUG:colcon.colcon_core.event_handler.log_command:Invoked command in '/home/panav/ros2_ws/src/dwa_planner/build/dwa_planner' returned '0': CMAKE_PREFIX_PATH=${CMAKE_PREFIX_PATH}:/home/panav/ros2_ws/install/turtlebot3_teleop:/home/panav/ros2_ws/install/turtlebot3_example:/opt/ros/humble /usr/bin/cmake --build /home/panav/ros2_ws/src/dwa_planner/build/dwa_planner
[11.243s] DEBUG:colcon.colcon_core.event_handler.log_command:Invoking command in '/home/panav/ros2_ws/src/dwa_planner/build/dwa_planner': CMAKE_PREFIX_PATH=${CMAKE_PREFIX_PATH}:/home/panav/ros2_ws/install/turtlebot3_teleop:/home/panav/ros2_ws/install/turtlebot3_example:/opt/ros/humble /usr/bin/cmake --install /home/panav/ros2_ws/src/dwa_planner/build/dwa_planner
[11.263s] Level 1:colcon.colcon_core.environment:create_environment_scripts_only(dwa_planner)
[11.263s] DEBUG:colcon.colcon_core.event_handler.log_command:Invoked command in '/home/panav/ros2_ws/src/dwa_planner/build/dwa_planner' returned '0': CMAKE_PREFIX_PATH=${CMAKE_PREFIX_PATH}:/home/panav/ros2_ws/install/turtlebot3_teleop:/home/panav/ros2_ws/install/turtlebot3_example:/opt/ros/humble /usr/bin/cmake --install /home/panav/ros2_ws/src/dwa_planner/build/dwa_planner
[11.265s] Level 1:colcon.colcon_core.environment:checking '/home/panav/ros2_ws/src/dwa_planner/install/dwa_planner' for CMake module files
[11.266s] Level 1:colcon.colcon_core.environment:checking '/home/panav/ros2_ws/src/dwa_planner/install/dwa_planner' for CMake config files
[11.266s] Level 1:colcon.colcon_core.shell:create_environment_hook('dwa_planner', 'cmake_prefix_path')
[11.267s] INFO:colcon.colcon_core.shell:Creating environment hook '/home/panav/ros2_ws/src/dwa_planner/install/dwa_planner/share/dwa_planner/hook/cmake_prefix_path.ps1'
[11.268s] INFO:colcon.colcon_core.shell:Creating environment descriptor '/home/panav/ros2_ws/src/dwa_planner/install/dwa_planner/share/dwa_planner/hook/cmake_prefix_path.dsv'
[11.268s] INFO:colcon.colcon_core.shell:Creating environment hook '/home/panav/ros2_ws/src/dwa_planner/install/dwa_planner/share/dwa_planner/hook/cmake_prefix_path.sh'
[11.269s] Level 1:colcon.colcon_core.environment:checking '/home/panav/ros2_ws/src/dwa_planner/install/dwa_planner/lib'
[11.269s] Level 1:colcon.colcon_core.environment:checking '/home/panav/ros2_ws/src/dwa_planner/install/dwa_planner/bin'
[11.269s] Level 1:colcon.colcon_core.environment:checking '/home/panav/ros2_ws/src/dwa_planner/install/dwa_planner/lib/pkgconfig/dwa_planner.pc'
[11.269s] Level 1:colcon.colcon_core.environment:checking '/home/panav/ros2_ws/src/dwa_planner/install/dwa_planner/lib/python3.10/site-packages'
[11.269s] Level 1:colcon.colcon_core.environment:checking '/home/panav/ros2_ws/src/dwa_planner/install/dwa_planner/bin'
[11.269s] INFO:colcon.colcon_core.shell:Creating package script '/home/panav/ros2_ws/src/dwa_planner/install/dwa_planner/share/dwa_planner/package.ps1'
[11.270s] INFO:colcon.colcon_core.shell:Creating package descriptor '/home/panav/ros2_ws/src/dwa_planner/install/dwa_planner/share/dwa_planner/package.dsv'
[11.270s] INFO:colcon.colcon_core.shell:Creating package script '/home/panav/ros2_ws/src/dwa_planner/install/dwa_planner/share/dwa_planner/package.sh'
[11.271s] INFO:colcon.colcon_core.shell:Creating package script '/home/panav/ros2_ws/src/dwa_planner/install/dwa_planner/share/dwa_planner/package.bash'
[11.271s] INFO:colcon.colcon_core.shell:Creating package script '/home/panav/ros2_ws/src/dwa_planner/install/dwa_planner/share/dwa_planner/package.zsh'
[11.271s] Level 1:colcon.colcon_core.environment:create_file_with_runtime_dependencies(/home/panav/ros2_ws/src/dwa_planner/install/dwa_planner/share/colcon-core/packages/dwa_planner)
[11.272s] Level 1:colcon.colcon_core.environment:create_environment_scripts_only(dwa_planner)
[11.272s] Level 1:colcon.colcon_core.environment:checking '/home/panav/ros2_ws/src/dwa_planner/install/dwa_planner' for CMake module files
[11.272s] Level 1:colcon.colcon_core.environment:checking '/home/panav/ros2_ws/src/dwa_planner/install/dwa_planner' for CMake config files
[11.272s] Level 1:colcon.colcon_core.shell:create_environment_hook('dwa_planner', 'cmake_prefix_path')
[11.272s] INFO:colcon.colcon_core.shell:Creating environment hook '/home/panav/ros2_ws/src/dwa_planner/install/dwa_planner/share/dwa_planner/hook/cmake_prefix_path.ps1'
[11.273s] INFO:colcon.colcon_core.shell:Creating environment descriptor '/home/panav/ros2_ws/src/dwa_planner/install/dwa_planner/share/dwa_planner/hook/cmake_prefix_path.dsv'
[11.273s] INFO:colcon.colcon_core.shell:Creating environment hook '/home/panav/ros2_ws/src/dwa_planner/install/dwa_planner/share/dwa_planner/hook/cmake_prefix_path.sh'
[11.273s] Level 1:colcon.colcon_core.environment:checking '/home/panav/ros2_ws/src/dwa_planner/install/dwa_planner/lib'
[11.273s] Level 1:colcon.colcon_core.environment:checking '/home/panav/ros2_ws/src/dwa_planner/install/dwa_planner/bin'
[11.273s] Level 1:colcon.colcon_core.environment:checking '/home/panav/ros2_ws/src/dwa_planner/install/dwa_planner/lib/pkgconfig/dwa_planner.pc'
[11.273s] Level 1:colcon.colcon_core.environment:checking '/home/panav/ros2_ws/src/dwa_planner/install/dwa_planner/lib/python3.10/site-packages'
[11.273s] Level 1:colcon.colcon_core.environment:checking '/home/panav/ros2_ws/src/dwa_planner/install/dwa_planner/bin'
[11.274s] INFO:colcon.colcon_core.shell:Creating package script '/home/panav/ros2_ws/src/dwa_planner/install/dwa_planner/share/dwa_planner/package.ps1'
[11.274s] INFO:colcon.colcon_core.shell:Creating package descriptor '/home/panav/ros2_ws/src/dwa_planner/install/dwa_planner/share/dwa_planner/package.dsv'
[11.274s] INFO:colcon.colcon_core.shell:Creating package script '/home/panav/ros2_ws/src/dwa_planner/install/dwa_planner/share/dwa_planner/package.sh'
[11.275s] INFO:colcon.colcon_core.shell:Creating package script '/home/panav/ros2_ws/src/dwa_planner/install/dwa_planner/share/dwa_planner/package.bash'
[11.275s] INFO:colcon.colcon_core.shell:Creating package script '/home/panav/ros2_ws/src/dwa_planner/install/dwa_planner/share/dwa_planner/package.zsh'
[11.275s] Level 1:colcon.colcon_core.environment:create_file_with_runtime_dependencies(/home/panav/ros2_ws/src/dwa_planner/install/dwa_planner/share/colcon-core/packages/dwa_planner)
[11.276s] DEBUG:colcon.colcon_parallel_executor.executor.parallel:closing loop
[11.276s] DEBUG:colcon.colcon_parallel_executor.executor.parallel:loop closed
[11.276s] DEBUG:colcon.colcon_parallel_executor.executor.parallel:run_until_complete finished with '0'
[11.276s] DEBUG:colcon.colcon_core.event_reactor:joining thread
[11.281s] INFO:colcon.colcon_core.plugin_system:Skipping extension 'colcon_notification.desktop_notification.terminal_notifier': Not used on non-Darwin systems
[11.281s] INFO:colcon.colcon_core.plugin_system:Skipping extension 'colcon_notification.desktop_notification.win32': Not used on non-Windows systems
[11.281s] INFO:colcon.colcon_notification.desktop_notification:Sending desktop notification using 'notify2'
[11.289s] DEBUG:colcon.colcon_core.event_reactor:joined thread
[11.290s] INFO:colcon.colcon_core.shell:Creating prefix script '/home/panav/ros2_ws/src/dwa_planner/install/local_setup.ps1'
[11.291s] INFO:colcon.colcon_core.shell:Creating prefix util module '/home/panav/ros2_ws/src/dwa_planner/install/_local_setup_util_ps1.py'
[11.293s] INFO:colcon.colcon_core.shell:Creating prefix chain script '/home/panav/ros2_ws/src/dwa_planner/install/setup.ps1'
[11.295s] INFO:colcon.colcon_core.shell:Creating prefix script '/home/panav/ros2_ws/src/dwa_planner/install/local_setup.sh'
[11.295s] INFO:colcon.colcon_core.shell:Creating prefix util module '/home/panav/ros2_ws/src/dwa_planner/install/_local_setup_util_sh.py'
[11.296s] INFO:colcon.colcon_core.shell:Creating prefix chain script '/home/panav/ros2_ws/src/dwa_planner/install/setup.sh'
[11.298s] INFO:colcon.colcon_core.shell:Creating prefix script '/home/panav/ros2_ws/src/dwa_planner/install/local_setup.bash'
[11.298s] INFO:colcon.colcon_core.shell:Creating prefix chain script '/home/panav/ros2_ws/src/dwa_planner/install/setup.bash'
[11.301s] INFO:colcon.colcon_core.shell:Creating prefix script '/home/panav/ros2_ws/src/dwa_planner/install/local_setup.zsh'
[11.302s] INFO:colcon.colcon_core.shell:Creating prefix chain script '/home/panav/ros2_ws/src/dwa_planner/install/setup.zsh'
