[0.011s] Invoking command in '/home/panav/ros2_ws/src/dwa_planner/build/dwa_planner': CMAKE_PREFIX_PATH=${CMAKE_PREFIX_PATH}:/home/panav/ros2_ws/install/turtlebot3_teleop:/home/panav/ros2_ws/install/turtlebot3_example:/opt/ros/humble /usr/bin/cmake --build /home/panav/ros2_ws/src/dwa_planner/build/dwa_planner
[0.059s] [35m[1mConsolidate compiler generated dependencies of target dwa_node[0m
[0.079s] [ 50%] [32mBuilding CXX object CMakeFiles/dwa_node.dir/src/dwa_node.cpp.o[0m
[2.199s] [01m[K/home/panav/ros2_ws/src/dwa_planner/src/dwa_node.cpp:[m[K In member function ‘[01m[Kvoid DWA_node::visualize_trajectories(const std::vector<std::vector<std::pair<double, double> > >&, int)[m[K’:
[2.199s] [01m[K/home/panav/ros2_ws/src/dwa_planner/src/dwa_node.cpp:165:26:[m[K [01;35m[Kwarning: [m[Kcomparison of integer expressions of different signedness: ‘[01m[Kint[m[K’ and ‘[01m[Kstd::vector<std::vector<std::pair<double, double> > >::size_type[m[K’ {aka ‘[01m[Klong unsigned int[m[K’} [[01;35m[K]8;;https://gcc.gnu.org/onlinedocs/gcc/Warning-Options.html#index-Wsign-compare-Wsign-compare]8;;[m[K]
[2.200s]   165 |    for(int i = 0; [01;35m[Ki < all_trajectories.size()[m[K; i++)
[2.200s]       |                   [01;35m[K~~^~~~~~~~~~~~~~~~~~~~~~~~~[m[K
[2.200s] 
[9.891s] [100%] [32m[1mLinking CXX executable dwa_node[0m
[10.503s] [100%] Built target dwa_node
[10.514s] Invoked command in '/home/panav/ros2_ws/src/dwa_planner/build/dwa_planner' returned '0': CMAKE_PREFIX_PATH=${CMAKE_PREFIX_PATH}:/home/panav/ros2_ws/install/turtlebot3_teleop:/home/panav/ros2_ws/install/turtlebot3_example:/opt/ros/humble /usr/bin/cmake --build /home/panav/ros2_ws/src/dwa_planner/build/dwa_planner
[10.522s] Invoking command in '/home/panav/ros2_ws/src/dwa_planner/build/dwa_planner': CMAKE_PREFIX_PATH=${CMAKE_PREFIX_PATH}:/home/panav/ros2_ws/install/turtlebot3_teleop:/home/panav/ros2_ws/install/turtlebot3_example:/opt/ros/humble /usr/bin/cmake --install /home/panav/ros2_ws/src/dwa_planner/build/dwa_planner
[10.529s] -- Install configuration: ""
[10.529s] -- Execute custom install script
[10.529s] -- Up-to-date symlink: /home/panav/ros2_ws/src/dwa_planner/install/dwa_planner/lib/dwa_planner/dwa_node
[10.529s] -- Up-to-date symlink: /home/panav/ros2_ws/src/dwa_planner/install/dwa_planner/share/ament_index/resource_index/package_run_dependencies/dwa_planner
[10.530s] -- Up-to-date symlink: /home/panav/ros2_ws/src/dwa_planner/install/dwa_planner/share/ament_index/resource_index/parent_prefix_path/dwa_planner
[10.530s] -- Up-to-date symlink: /home/panav/ros2_ws/src/dwa_planner/install/dwa_planner/share/dwa_planner/environment/ament_prefix_path.sh
[10.530s] -- Up-to-date symlink: /home/panav/ros2_ws/src/dwa_planner/install/dwa_planner/share/dwa_planner/environment/ament_prefix_path.dsv
[10.530s] -- Up-to-date symlink: /home/panav/ros2_ws/src/dwa_planner/install/dwa_planner/share/dwa_planner/environment/path.sh
[10.530s] -- Up-to-date symlink: /home/panav/ros2_ws/src/dwa_planner/install/dwa_planner/share/dwa_planner/environment/path.dsv
[10.530s] -- Up-to-date symlink: /home/panav/ros2_ws/src/dwa_planner/install/dwa_planner/share/dwa_planner/local_setup.bash
[10.530s] -- Up-to-date symlink: /home/panav/ros2_ws/src/dwa_planner/install/dwa_planner/share/dwa_planner/local_setup.sh
[10.530s] -- Up-to-date symlink: /home/panav/ros2_ws/src/dwa_planner/install/dwa_planner/share/dwa_planner/local_setup.zsh
[10.530s] -- Up-to-date symlink: /home/panav/ros2_ws/src/dwa_planner/install/dwa_planner/share/dwa_planner/local_setup.dsv
[10.530s] -- Symlinking: /home/panav/ros2_ws/src/dwa_planner/install/dwa_planner/share/dwa_planner/package.dsv
[10.537s] -- Up-to-date symlink: /home/panav/ros2_ws/src/dwa_planner/install/dwa_planner/share/ament_index/resource_index/packages/dwa_planner
[10.538s] -- Up-to-date symlink: /home/panav/ros2_ws/src/dwa_planner/install/dwa_planner/share/dwa_planner/cmake/dwa_plannerConfig.cmake
[10.538s] -- Up-to-date symlink: /home/panav/ros2_ws/src/dwa_planner/install/dwa_planner/share/dwa_planner/cmake/dwa_plannerConfig-version.cmake
[10.538s] -- Up-to-date symlink: /home/panav/ros2_ws/src/dwa_planner/install/dwa_planner/share/dwa_planner/package.xml
[10.539s] Invoked command in '/home/panav/ros2_ws/src/dwa_planner/build/dwa_planner' returned '0': CMAKE_PREFIX_PATH=${CMAKE_PREFIX_PATH}:/home/panav/ros2_ws/install/turtlebot3_teleop:/home/panav/ros2_ws/install/turtlebot3_example:/opt/ros/humble /usr/bin/cmake --install /home/panav/ros2_ws/src/dwa_planner/build/dwa_planner
