[0.008s] Invoking command in '/home/panav/ros2_ws/src/dwa_planner/build/dwa_planner': CMAKE_PREFIX_PATH=${CMAKE_PREFIX_PATH}:/home/panav/ros2_ws/install/turtlebot3_teleop:/home/panav/ros2_ws/install/turtlebot3_example:/home/panav/ros2_ws/install/python_starter:/home/panav/ros2_ws/install/lidar_proximity_filter:/home/panav/ros2_ws/install/launch_testing_examples:/home/panav/ros2_ws/install/examples_rclpy_pointcloud_publisher:/home/panav/ros2_ws/install/examples_rclpy_minimal_subscriber:/home/panav/ros2_ws/install/examples_rclpy_minimal_service:/home/panav/ros2_ws/install/examples_rclpy_minimal_publisher:/home/panav/ros2_ws/install/examples_rclpy_minimal_client:/home/panav/ros2_ws/install/examples_rclpy_minimal_action_server:/home/panav/ros2_ws/install/examples_rclpy_minimal_action_client:/home/panav/ros2_ws/install/examples_rclpy_guard_conditions:/home/panav/ros2_ws/install/examples_rclpy_executors:/opt/ros/humble /usr/bin/cmake /home/panav/ros2_ws/src/dwa_planner -DCMAKE_INSTALL_PREFIX=/home/panav/ros2_ws/src/dwa_planner/install/dwa_planner
[0.019s] -- Found ament_cmake: 1.3.11 (/opt/ros/humble/share/ament_cmake/cmake)
[0.120s] -- Override CMake install command with custom implementation using symlinks instead of copying resources
[0.123s] -- Found rclcpp: 16.0.12 (/opt/ros/humble/share/rclcpp/cmake)
[0.141s] -- Found rosidl_generator_c: 3.1.6 (/opt/ros/humble/share/rosidl_generator_c/cmake)
[0.142s] -- Found rosidl_adapter: 3.1.6 (/opt/ros/humble/share/rosidl_adapter/cmake)
[0.145s] -- Found rosidl_generator_cpp: 3.1.6 (/opt/ros/humble/share/rosidl_generator_cpp/cmake)
[0.152s] -- Using all available rosidl_typesupport_c: rosidl_typesupport_fastrtps_c;rosidl_typesupport_introspection_c
[0.160s] -- Using all available rosidl_typesupport_cpp: rosidl_typesupport_fastrtps_cpp;rosidl_typesupport_introspection_cpp
[0.179s] -- Found rmw_implementation_cmake: 6.1.2 (/opt/ros/humble/share/rmw_implementation_cmake/cmake)
[0.181s] -- Found rmw_fastrtps_cpp: 6.2.7 (/opt/ros/humble/share/rmw_fastrtps_cpp/cmake)
[0.255s] -- Using RMW implementation 'rmw_fastrtps_cpp' as default
[0.283s] -- Found nav_msgs: 4.9.0 (/opt/ros/humble/share/nav_msgs/cmake)
[0.298s] -- Found sensor_msgs: 4.9.0 (/opt/ros/humble/share/sensor_msgs/cmake)
[0.308s] -- Found tf2: 0.25.13 (/opt/ros/humble/share/tf2/cmake)
[0.312s] -- Found tf2_ros: 0.25.13 (/opt/ros/humble/share/tf2_ros/cmake)
[0.360s] -- Found tf2_geometry_msgs: 0.25.13 (/opt/ros/humble/share/tf2_geometry_msgs/cmake)
[0.362s] -- Found eigen3_cmake_module: 0.1.1 (/opt/ros/humble/share/eigen3_cmake_module/cmake)
[0.363s] -- Ensuring Eigen3 include directory is part of orocos-kdl CMake target
[0.363s] -- Found visualization_msgs: 4.9.0 (/opt/ros/humble/share/visualization_msgs/cmake)
[0.374s] -- Found nav2_util: 1.1.18 (/opt/ros/humble/share/nav2_util/cmake)
[0.415s] -- Found nav2_core: 1.1.18 (/opt/ros/humble/share/nav2_core/cmake)
[0.466s] -- Found nav2_common: 1.1.18 (/opt/ros/humble/share/nav2_common/cmake)
[0.473s] [31mCMake Error at /opt/ros/humble/share/ament_cmake_core/cmake/symlink_install/ament_cmake_symlink_install_targets.cmake:67 (message):
[0.473s]   ament_cmake_symlink_install_targets() 'DESITINATION' is not a target
[0.473s] Call Stack (most recent call first):
[0.473s]   /opt/ros/humble/share/ament_cmake_core/cmake/symlink_install/install.cmake:37 (ament_cmake_symlink_install_targets)
[0.473s]   CMakeLists.txt:45 (install)
[0.473s] 
[0.473s] [0m
[0.473s] -- Configuring incomplete, errors occurred!
[0.473s] See also "/home/panav/ros2_ws/src/dwa_planner/build/dwa_planner/CMakeFiles/CMakeOutput.log".
[0.479s] Invoked command in '/home/panav/ros2_ws/src/dwa_planner/build/dwa_planner' returned '1': CMAKE_PREFIX_PATH=${CMAKE_PREFIX_PATH}:/home/panav/ros2_ws/install/turtlebot3_teleop:/home/panav/ros2_ws/install/turtlebot3_example:/home/panav/ros2_ws/install/python_starter:/home/panav/ros2_ws/install/lidar_proximity_filter:/home/panav/ros2_ws/install/launch_testing_examples:/home/panav/ros2_ws/install/examples_rclpy_pointcloud_publisher:/home/panav/ros2_ws/install/examples_rclpy_minimal_subscriber:/home/panav/ros2_ws/install/examples_rclpy_minimal_service:/home/panav/ros2_ws/install/examples_rclpy_minimal_publisher:/home/panav/ros2_ws/install/examples_rclpy_minimal_client:/home/panav/ros2_ws/install/examples_rclpy_minimal_action_server:/home/panav/ros2_ws/install/examples_rclpy_minimal_action_client:/home/panav/ros2_ws/install/examples_rclpy_guard_conditions:/home/panav/ros2_ws/install/examples_rclpy_executors:/opt/ros/humble /usr/bin/cmake /home/panav/ros2_ws/src/dwa_planner -DCMAKE_INSTALL_PREFIX=/home/panav/ros2_ws/src/dwa_planner/install/dwa_planner
