[0.009s] Invoking command in '/home/panav/ros2_ws/src/dwa_planner/build/dwa_planner': CMAKE_PREFIX_PATH=${CMAKE_PREFIX_PATH}:/home/panav/ros2_ws/install/turtlebot3_teleop:/home/panav/ros2_ws/install/turtlebot3_example:/opt/ros/humble /usr/bin/cmake --build /home/panav/ros2_ws/src/dwa_planner/build/dwa_planner
[0.031s] -- Found ament_cmake: 1.3.11 (/opt/ros/humble/share/ament_cmake/cmake)
[0.120s] -- Override CMake install command with custom implementation using symlinks instead of copying resources
[0.124s] -- Found rclcpp: 16.0.12 (/opt/ros/humble/share/rclcpp/cmake)
[0.142s] -- Found rosidl_generator_c: 3.1.6 (/opt/ros/humble/share/rosidl_generator_c/cmake)
[0.143s] -- Found rosidl_adapter: 3.1.6 (/opt/ros/humble/share/rosidl_adapter/cmake)
[0.146s] -- Found rosidl_generator_cpp: 3.1.6 (/opt/ros/humble/share/rosidl_generator_cpp/cmake)
[0.152s] -- Using all available rosidl_typesupport_c: rosidl_typesupport_fastrtps_c;rosidl_typesupport_introspection_c
[0.159s] -- Using all available rosidl_typesupport_cpp: rosidl_typesupport_fastrtps_cpp;rosidl_typesupport_introspection_cpp
[0.178s] -- Found rmw_implementation_cmake: 6.1.2 (/opt/ros/humble/share/rmw_implementation_cmake/cmake)
[0.179s] -- Found rmw_fastrtps_cpp: 6.2.7 (/opt/ros/humble/share/rmw_fastrtps_cpp/cmake)
[0.251s] -- Using RMW implementation 'rmw_fastrtps_cpp' as default
[0.279s] -- Found nav_msgs: 4.9.0 (/opt/ros/humble/share/nav_msgs/cmake)
[0.295s] -- Found sensor_msgs: 4.9.0 (/opt/ros/humble/share/sensor_msgs/cmake)
[0.304s] -- Found tf2: 0.25.13 (/opt/ros/humble/share/tf2/cmake)
[0.306s] -- Found tf2_ros: 0.25.13 (/opt/ros/humble/share/tf2_ros/cmake)
[0.355s] -- Found tf2_geometry_msgs: 0.25.13 (/opt/ros/humble/share/tf2_geometry_msgs/cmake)
[0.357s] -- Found eigen3_cmake_module: 0.1.1 (/opt/ros/humble/share/eigen3_cmake_module/cmake)
[0.357s] -- Ensuring Eigen3 include directory is part of orocos-kdl CMake target
[0.358s] -- Found visualization_msgs: 4.9.0 (/opt/ros/humble/share/visualization_msgs/cmake)
[0.369s] -- Found nav2_util: 1.1.18 (/opt/ros/humble/share/nav2_util/cmake)
[0.408s] -- Found nav2_core: 1.1.18 (/opt/ros/humble/share/nav2_core/cmake)
[0.459s] -- Found nav2_common: 1.1.18 (/opt/ros/humble/share/nav2_common/cmake)
[0.524s] -- Found ament_lint_auto: 0.12.12 (/opt/ros/humble/share/ament_lint_auto/cmake)
[0.637s] -- Added test 'cppcheck' to perform static code analysis on C / C++ code
[0.637s] -- Configured cppcheck include dirs: $<BUILD_INTERFACE:/home/panav/ros2_ws/src/dwa_planner/include>
[0.637s] -- Configured cppcheck exclude dirs and/or files: 
[0.646s] -- Added test 'flake8' to check Python code syntax and style conventions
[0.662s] -- Added test 'lint_cmake' to check CMake code style
[0.670s] -- Added test 'pep257' to check Python code against some of the docstring style conventions in PEP 257
[0.740s] -- Added test 'uncrustify' to check C / C++ code style
[0.740s] -- Configured uncrustify additional arguments: 
[0.748s] -- Added test 'xmllint' to check XML markup files
[0.749s] -- Configuring done
[0.755s] [31mCMake Error at CMakeLists.txt:32 (add_executable):
[0.755s]   Target "test_node" links to target "nav2_util::nav2_util" but the target
[0.755s]   was not found.  Perhaps a find_package() call is missing for an IMPORTED
[0.755s]   target, or an ALIAS target is missing?
[0.755s] 
[0.755s] [0m
[0.755s] [31mCMake Error at CMakeLists.txt:32 (add_executable):
[0.755s]   Target "test_node" links to target "nav2_core::nav2_core" but the target
[0.755s]   was not found.  Perhaps a find_package() call is missing for an IMPORTED
[0.755s]   target, or an ALIAS target is missing?
[0.755s] 
[0.755s] [0m
[0.755s] [31mCMake Error at CMakeLists.txt:32 (add_executable):
[0.755s]   Target "test_node" links to target "nav2_costmap_2d::nav2_costmap_2d" but
[0.755s]   the target was not found.  Perhaps a find_package() call is missing for an
[0.755s]   IMPORTED target, or an ALIAS target is missing?
[0.755s] 
[0.755s] [0m
[0.755s] [31mCMake Error at CMakeLists.txt:32 (add_executable):
[0.755s]   Target "test_node" links to target "nav2_common::nav2_common" but the
[0.755s]   target was not found.  Perhaps a find_package() call is missing for an
[0.756s]   IMPORTED target, or an ALIAS target is missing?
[0.756s] 
[0.756s] [0m
[0.756s] [31mCMake Error at CMakeLists.txt:32 (add_executable):
[0.756s]   Target "test_node" links to target "nav2_msgs::nav2_msgs" but the target
[0.756s]   was not found.  Perhaps a find_package() call is missing for an IMPORTED
[0.756s]   target, or an ALIAS target is missing?
[0.756s] 
[0.756s] [0m
[0.787s] -- Generating done
[0.788s] [0mCMake Generate step failed.  Build files cannot be regenerated correctly.[0m
[0.794s] gmake: *** [Makefile:308: cmake_check_build_system] Error 1
[0.796s] Invoked command in '/home/panav/ros2_ws/src/dwa_planner/build/dwa_planner' returned '2': CMAKE_PREFIX_PATH=${CMAKE_PREFIX_PATH}:/home/panav/ros2_ws/install/turtlebot3_teleop:/home/panav/ros2_ws/install/turtlebot3_example:/opt/ros/humble /usr/bin/cmake --build /home/panav/ros2_ws/src/dwa_planner/build/dwa_planner
