[35m[1mConsolidate compiler generated dependencies of target dwa_node[0m
[ 50%] [32mBuilding CXX object CMakeFiles/dwa_node.dir/src/dwa_node.cpp.o[0m
[01m[K/home/panav/ros2_ws/src/dwa_planner/src/dwa_node.cpp:[m[K In member function ‘[01m[Kstd::pair<double, double> DWA_node::dwa_control(const Odometry&, const LaserScan&)[m[K’:
[01m[K/home/panav/ros2_ws/src/dwa_planner/src/dwa_node.cpp:192:16:[m[K [01;35m[Kwarning: [m[Kunused variable ‘[01m[Kgoal_angle[m[K’ [[01;35m[K]8;;https://gcc.gnu.org/onlinedocs/gcc/Warning-Options.html#index-Wunused-variable-Wunused-variable]8;;[m[K]
  192 |         double [01;35m[Kgoal_angle[m[K = atan2(goal_y-y, goal_x-x)-theta;
      |                [01;35m[K^~~~~~~~~~[m[K
[100%] [32m[1mLinking CXX executable dwa_node[0m
[100%] Built target dwa_node
-- Install configuration: ""
-- Execute custom install script
-- Up-to-date symlink: /home/panav/ros2_ws/src/dwa_planner/install/dwa_planner/lib/dwa_planner/dwa_node
-- Up-to-date symlink: /home/panav/ros2_ws/src/dwa_planner/install/dwa_planner/share/ament_index/resource_index/package_run_dependencies/dwa_planner
-- Up-to-date symlink: /home/panav/ros2_ws/src/dwa_planner/install/dwa_planner/share/ament_index/resource_index/parent_prefix_path/dwa_planner
-- Up-to-date symlink: /home/panav/ros2_ws/src/dwa_planner/install/dwa_planner/share/dwa_planner/environment/ament_prefix_path.sh
-- Up-to-date symlink: /home/panav/ros2_ws/src/dwa_planner/install/dwa_planner/share/dwa_planner/environment/ament_prefix_path.dsv
-- Up-to-date symlink: /home/panav/ros2_ws/src/dwa_planner/install/dwa_planner/share/dwa_planner/environment/path.sh
-- Up-to-date symlink: /home/panav/ros2_ws/src/dwa_planner/install/dwa_planner/share/dwa_planner/environment/path.dsv
-- Up-to-date symlink: /home/panav/ros2_ws/src/dwa_planner/install/dwa_planner/share/dwa_planner/local_setup.bash
-- Up-to-date symlink: /home/panav/ros2_ws/src/dwa_planner/install/dwa_planner/share/dwa_planner/local_setup.sh
-- Up-to-date symlink: /home/panav/ros2_ws/src/dwa_planner/install/dwa_planner/share/dwa_planner/local_setup.zsh
-- Up-to-date symlink: /home/panav/ros2_ws/src/dwa_planner/install/dwa_planner/share/dwa_planner/local_setup.dsv
-- Symlinking: /home/panav/ros2_ws/src/dwa_planner/install/dwa_planner/share/dwa_planner/package.dsv
-- Up-to-date symlink: /home/panav/ros2_ws/src/dwa_planner/install/dwa_planner/share/ament_index/resource_index/packages/dwa_planner
-- Up-to-date symlink: /home/panav/ros2_ws/src/dwa_planner/install/dwa_planner/share/dwa_planner/cmake/dwa_plannerConfig.cmake
-- Up-to-date symlink: /home/panav/ros2_ws/src/dwa_planner/install/dwa_planner/share/dwa_planner/cmake/dwa_plannerConfig-version.cmake
-- Up-to-date symlink: /home/panav/ros2_ws/src/dwa_planner/install/dwa_planner/share/dwa_planner/package.xml
