[0.009s] Invoking command in '/home/panav/ros2_ws/src/dwa_planner/build/dwa_planner': CMAKE_PREFIX_PATH=${CMAKE_PREFIX_PATH}:/home/panav/ros2_ws/install/turtlebot3_teleop:/home/panav/ros2_ws/install/turtlebot3_example:/home/panav/ros2_ws/install/python_starter:/home/panav/ros2_ws/install/lidar_proximity_filter:/home/panav/ros2_ws/install/launch_testing_examples:/home/panav/ros2_ws/install/examples_rclpy_pointcloud_publisher:/home/panav/ros2_ws/install/examples_rclpy_minimal_subscriber:/home/panav/ros2_ws/install/examples_rclpy_minimal_service:/home/panav/ros2_ws/install/examples_rclpy_minimal_publisher:/home/panav/ros2_ws/install/examples_rclpy_minimal_client:/home/panav/ros2_ws/install/examples_rclpy_minimal_action_server:/home/panav/ros2_ws/install/examples_rclpy_minimal_action_client:/home/panav/ros2_ws/install/examples_rclpy_guard_conditions:/home/panav/ros2_ws/install/examples_rclpy_executors:/opt/ros/humble /usr/bin/cmake --build /home/panav/ros2_ws/src/dwa_planner/build/dwa_planner
[0.052s] [35m[1mConsolidate compiler generated dependencies of target dwa_node[0m
[0.068s] [ 50%] [32mBuilding CXX object CMakeFiles/dwa_node.dir/src/dwa_node.cpp.o[0m
[1.664s] [01m[K/home/panav/ros2_ws/src/dwa_planner/src/dwa_node.cpp:[m[K In member function ‘[01m[Kstd::pair<double, double> DWA_node::dwa_control(const Odometry&, const LaserScan&)[m[K’:
[1.665s] [01m[K/home/panav/ros2_ws/src/dwa_planner/src/dwa_node.cpp:192:16:[m[K [01;35m[Kwarning: [m[Kunused variable ‘[01m[Kgoal_angle[m[K’ [[01;35m[K]8;;https://gcc.gnu.org/onlinedocs/gcc/Warning-Options.html#index-Wunused-variable-Wunused-variable]8;;[m[K]
[1.665s]   192 |         double [01;35m[Kgoal_angle[m[K = atan2(goal_y-y, goal_x-x)-theta;
[1.665s]       |                [01;35m[K^~~~~~~~~~[m[K
[7.428s] [100%] [32m[1mLinking CXX executable dwa_node[0m
[7.855s] [100%] Built target dwa_node
[7.865s] Invoked command in '/home/panav/ros2_ws/src/dwa_planner/build/dwa_planner' returned '0': CMAKE_PREFIX_PATH=${CMAKE_PREFIX_PATH}:/home/panav/ros2_ws/install/turtlebot3_teleop:/home/panav/ros2_ws/install/turtlebot3_example:/home/panav/ros2_ws/install/python_starter:/home/panav/ros2_ws/install/lidar_proximity_filter:/home/panav/ros2_ws/install/launch_testing_examples:/home/panav/ros2_ws/install/examples_rclpy_pointcloud_publisher:/home/panav/ros2_ws/install/examples_rclpy_minimal_subscriber:/home/panav/ros2_ws/install/examples_rclpy_minimal_service:/home/panav/ros2_ws/install/examples_rclpy_minimal_publisher:/home/panav/ros2_ws/install/examples_rclpy_minimal_client:/home/panav/ros2_ws/install/examples_rclpy_minimal_action_server:/home/panav/ros2_ws/install/examples_rclpy_minimal_action_client:/home/panav/ros2_ws/install/examples_rclpy_guard_conditions:/home/panav/ros2_ws/install/examples_rclpy_executors:/opt/ros/humble /usr/bin/cmake --build /home/panav/ros2_ws/src/dwa_planner/build/dwa_planner
[7.873s] Invoking command in '/home/panav/ros2_ws/src/dwa_planner/build/dwa_planner': CMAKE_PREFIX_PATH=${CMAKE_PREFIX_PATH}:/home/panav/ros2_ws/install/turtlebot3_teleop:/home/panav/ros2_ws/install/turtlebot3_example:/home/panav/ros2_ws/install/python_starter:/home/panav/ros2_ws/install/lidar_proximity_filter:/home/panav/ros2_ws/install/launch_testing_examples:/home/panav/ros2_ws/install/examples_rclpy_pointcloud_publisher:/home/panav/ros2_ws/install/examples_rclpy_minimal_subscriber:/home/panav/ros2_ws/install/examples_rclpy_minimal_service:/home/panav/ros2_ws/install/examples_rclpy_minimal_publisher:/home/panav/ros2_ws/install/examples_rclpy_minimal_client:/home/panav/ros2_ws/install/examples_rclpy_minimal_action_server:/home/panav/ros2_ws/install/examples_rclpy_minimal_action_client:/home/panav/ros2_ws/install/examples_rclpy_guard_conditions:/home/panav/ros2_ws/install/examples_rclpy_executors:/opt/ros/humble /usr/bin/cmake --install /home/panav/ros2_ws/src/dwa_planner/build/dwa_planner
[7.878s] -- Install configuration: ""
[7.878s] -- Execute custom install script
[7.878s] -- Up-to-date symlink: /home/panav/ros2_ws/src/dwa_planner/install/dwa_planner/lib/dwa_planner/dwa_node
[7.878s] -- Up-to-date symlink: /home/panav/ros2_ws/src/dwa_planner/install/dwa_planner/share/ament_index/resource_index/package_run_dependencies/dwa_planner
[7.878s] -- Up-to-date symlink: /home/panav/ros2_ws/src/dwa_planner/install/dwa_planner/share/ament_index/resource_index/parent_prefix_path/dwa_planner
[7.879s] -- Up-to-date symlink: /home/panav/ros2_ws/src/dwa_planner/install/dwa_planner/share/dwa_planner/environment/ament_prefix_path.sh
[7.879s] -- Up-to-date symlink: /home/panav/ros2_ws/src/dwa_planner/install/dwa_planner/share/dwa_planner/environment/ament_prefix_path.dsv
[7.879s] -- Up-to-date symlink: /home/panav/ros2_ws/src/dwa_planner/install/dwa_planner/share/dwa_planner/environment/path.sh
[7.879s] -- Up-to-date symlink: /home/panav/ros2_ws/src/dwa_planner/install/dwa_planner/share/dwa_planner/environment/path.dsv
[7.879s] -- Up-to-date symlink: /home/panav/ros2_ws/src/dwa_planner/install/dwa_planner/share/dwa_planner/local_setup.bash
[7.879s] -- Up-to-date symlink: /home/panav/ros2_ws/src/dwa_planner/install/dwa_planner/share/dwa_planner/local_setup.sh
[7.879s] -- Up-to-date symlink: /home/panav/ros2_ws/src/dwa_planner/install/dwa_planner/share/dwa_planner/local_setup.zsh
[7.879s] -- Up-to-date symlink: /home/panav/ros2_ws/src/dwa_planner/install/dwa_planner/share/dwa_planner/local_setup.dsv
[7.879s] -- Symlinking: /home/panav/ros2_ws/src/dwa_planner/install/dwa_planner/share/dwa_planner/package.dsv
[7.888s] -- Up-to-date symlink: /home/panav/ros2_ws/src/dwa_planner/install/dwa_planner/share/ament_index/resource_index/packages/dwa_planner
[7.888s] -- Up-to-date symlink: /home/panav/ros2_ws/src/dwa_planner/install/dwa_planner/share/dwa_planner/cmake/dwa_plannerConfig.cmake
[7.889s] -- Up-to-date symlink: /home/panav/ros2_ws/src/dwa_planner/install/dwa_planner/share/dwa_planner/cmake/dwa_plannerConfig-version.cmake
[7.889s] -- Up-to-date symlink: /home/panav/ros2_ws/src/dwa_planner/install/dwa_planner/share/dwa_planner/package.xml
[7.890s] Invoked command in '/home/panav/ros2_ws/src/dwa_planner/build/dwa_planner' returned '0': CMAKE_PREFIX_PATH=${CMAKE_PREFIX_PATH}:/home/panav/ros2_ws/install/turtlebot3_teleop:/home/panav/ros2_ws/install/turtlebot3_example:/home/panav/ros2_ws/install/python_starter:/home/panav/ros2_ws/install/lidar_proximity_filter:/home/panav/ros2_ws/install/launch_testing_examples:/home/panav/ros2_ws/install/examples_rclpy_pointcloud_publisher:/home/panav/ros2_ws/install/examples_rclpy_minimal_subscriber:/home/panav/ros2_ws/install/examples_rclpy_minimal_service:/home/panav/ros2_ws/install/examples_rclpy_minimal_publisher:/home/panav/ros2_ws/install/examples_rclpy_minimal_client:/home/panav/ros2_ws/install/examples_rclpy_minimal_action_server:/home/panav/ros2_ws/install/examples_rclpy_minimal_action_client:/home/panav/ros2_ws/install/examples_rclpy_guard_conditions:/home/panav/ros2_ws/install/examples_rclpy_executors:/opt/ros/humble /usr/bin/cmake --install /home/panav/ros2_ws/src/dwa_planner/build/dwa_planner
